\BOOKMARK [1][-]{section.1}{\376\377\000G\000i\000t\000h\000a\000b\060\156\000U\000R\000L}{}% 1
\BOOKMARK [1][-]{section.2}{\376\377\225\213\166\172\200\005\124\021\060\121}{}% 2
\BOOKMARK [2][-]{subsection.2.1}{\376\377\000O\000N\000E\000O\000K\000R\000O\000C\000K\153\164\116\343\060\304\060\242\060\374\116\000\211\247\060\267\060\271\060\306\060\340}{section.2}% 3
\BOOKMARK [3][-]{subsubsection.2.1.1}{\376\377\151\202\211\201}{subsection.2.1}% 4
\BOOKMARK [3][-]{subsubsection.2.1.2}{\376\377\060\307\060\374\060\277\151\313\220\040}{subsection.2.1}% 5
\BOOKMARK [3][-]{subsubsection.2.1.3}{\376\377\000H\000T\000T\000P\000\040\060\341\060\275\060\303\060\311\060\150\060\352\060\275\060\374\060\271\124\015\116\000\211\247}{subsection.2.1}% 6
\BOOKMARK [3][-]{subsubsection.2.1.4}{\376\377\220\167\171\373\126\363}{subsection.2.1}% 7
\BOOKMARK [3][-]{subsubsection.2.1.5}{\376\377\060\352\060\275\060\374\060\271\124\015\060\124\060\150\060\156\152\137\200\375\212\163\175\060}{subsection.2.1}% 8
\BOOKMARK [2][-]{subsection.2.2}{\376\377\060\307\060\243\060\272\060\313\060\374\060\242\060\310\060\351\060\257\060\267\060\347\060\363\116\000\211\247\060\267\060\271\060\306\060\340}{section.2}% 9
\BOOKMARK [3][-]{subsubsection.2.2.1}{\376\377\151\202\211\201}{subsection.2.2}% 10
\BOOKMARK [3][-]{subsubsection.2.2.2}{\376\377\060\307\060\374\060\277\151\313\220\040}{subsection.2.2}% 11
\BOOKMARK [3][-]{subsubsection.2.2.3}{\376\377\000H\000T\000T\000P\000\040\060\341\060\275\060\303\060\311\060\150\060\352\060\275\060\374\060\271\124\015\116\000\211\247}{subsection.2.2}% 12
\BOOKMARK [3][-]{subsubsection.2.2.4}{\376\377\220\167\171\373\126\363}{subsection.2.2}% 13
\BOOKMARK [3][-]{subsubsection.2.2.5}{\376\377\060\352\060\275\060\374\060\271\124\015\060\124\060\150\060\156\152\137\200\375\212\163\175\060}{subsection.2.2}% 14
\BOOKMARK [2][-]{subsection.2.3}{\376\377\123\103\204\111\135\345\151\155\131\047\133\146\140\305\130\061\135\345\133\146\171\321\060\156\122\115\147\037\143\210\151\155\116\000\211\247\060\267\060\271\060\306\060\340}{section.2}% 15
\BOOKMARK [3][-]{subsubsection.2.3.1}{\376\377\151\202\211\201}{subsection.2.3}% 16
\BOOKMARK [3][-]{subsubsection.2.3.2}{\376\377\060\307\060\374\060\277\151\313\220\040}{subsection.2.3}% 17
\BOOKMARK [3][-]{subsubsection.2.3.3}{\376\377\000H\000T\000T\000P\000\040\060\341\060\275\060\303\060\311\060\150\060\352\060\275\060\374\060\271\124\015\116\000\211\247}{subsection.2.3}% 18
\BOOKMARK [3][-]{subsubsection.2.3.4}{\376\377\220\167\171\373\126\363}{subsection.2.3}% 19
\BOOKMARK [3][-]{subsubsection.2.3.5}{\376\377\060\352\060\275\060\374\060\271\124\015\060\124\060\150\060\156\152\137\200\375\212\163\175\060}{subsection.2.3}% 20
\BOOKMARK [1][-]{section.3}{\376\377\173\241\164\006\200\005\124\021\060\121\060\311\060\255\060\345\060\341\060\363\060\310}{}% 21
\BOOKMARK [2][-]{subsection.3.1}{\376\377\060\244\060\363\060\271\060\310\060\374\060\353\145\271\154\325}{section.3}% 22
\BOOKMARK [2][-]{subsection.3.2}{\376\377\215\167\122\325\060\373\175\102\116\206\145\271\154\325}{section.3}% 23
\BOOKMARK [2][-]{subsection.3.3}{\376\377\215\167\122\325\060\147\060\115\060\152\060\104\130\064\124\010}{section.3}% 24
\BOOKMARK [2][-]{subsection.3.4}{\376\377\122\006\060\113\060\143\060\146\060\104\060\213\116\015\121\167\124\010}{section.3}% 25
\BOOKMARK [1][-]{section.4}{\376\377\122\051\165\050\200\005\124\021\060\121\060\311\060\255\060\345\060\341\060\363\060\310}{}% 26
\BOOKMARK [2][-]{subsection.4.1}{\376\377\151\202\211\201}{section.4}% 27
\BOOKMARK [2][-]{subsection.4.2}{\376\377\117\177\165\050\060\147\060\115\060\213\152\137\200\375}{section.4}% 28
\BOOKMARK [2][-]{subsection.4.3}{\376\377\165\073\227\142\144\315\117\134\060\254\060\244\060\311}{section.4}% 29
